<?xml version="1.0" encoding="UTF-8"?>
<!-- Generated by org.testng.reporters.JUnitXMLReporter -->
<testsuite ignored="3" hostname="DESKTOP-QGMF0R9" failures="0" tests="3" name="Test2" time="9.1" errors="0" timestamp="2025-09-16T13:56:28 IST">
  <testcase classname="testscript.LoginTest" name="verifyLoginWithInvalidUsernameInvalidPassword" time="0.533"/>
  <testcase classname="testscript.LoginTest" name="verifyLoginWithInvalidUsernameInvalidPassword" time="0.569"/>
  <testcase classname="testscript.LoginTest" name="verifyLoginWithInvalidUsernameInvalidPassword" time="0.514"/>
  <testcase classname="testscript.LoginTest" name="verifyLoginWithValidCredentials" time="0.0">
    <ignored/>
  </testcase> <!-- verifyLoginWithValidCredentials -->
  <testcase classname="testscript.LoginTest" name="verifyLoginWithInvalidPassword" time="0.0">
    <ignored/>
  </testcase> <!-- verifyLoginWithInvalidPassword -->
  <testcase classname="testscript.LoginTest" name="verifyLoginWithInvalidUsername" time="0.0">
    <ignored/>
  </testcase> <!-- verifyLoginWithInvalidUsername -->
</testsuite> <!-- Test2 -->
