<?xml version="1.0" encoding="UTF-8"?>
<!-- Generated by org.testng.reporters.JUnitXMLReporter -->
<testsuite ignored="0" hostname="DESKTOP-QGMF0R9" failures="0" tests="6" name="Test" time="39.966" errors="0" timestamp="2025-09-16T14:10:17 IST">
  <testcase classname="testscript.LoginTest" name="verifyLoginWithValidCredentials" time="4.3"/>
  <testcase classname="testscript.LoginTest" name="verifyLoginWithInvalidUsername" time="0.827"/>
  <testcase classname="testscript.LoginTest" name="verifyLoginWithInvalidPassword" time="0.988"/>
  <testcase classname="testscript.LoginTest" name="verifyLoginWithInvalidUsernameInvalidPassword" time="0.788"/>
  <testcase classname="testscript.LoginTest" name="verifyLoginWithInvalidUsernameInvalidPassword" time="0.694"/>
  <testcase classname="testscript.LoginTest" name="verifyLoginWithInvalidUsernameInvalidPassword" time="0.936"/>
</testsuite> <!-- Test -->
