<?xml version="1.0" encoding="UTF-8"?>
<!-- Generated by org.testng.reporters.JUnitXMLReporter -->
<testsuite ignored="0" hostname="DESKTOP-QGMF0R9" failures="0" tests="6" name="Test" time="32.756" errors="0" timestamp="2025-09-24T14:06:11 IST">
  <testcase classname="testscript.LoginTest" name="verifyLoginWithValidCredentials" time="3.93"/>
  <testcase classname="testscript.LoginTest" name="verifyLoginWithInvalidUsername" time="0.817"/>
  <testcase classname="testscript.LoginTest" name="verifyLoginWithInvalidPassword" time="1.391"/>
  <testcase classname="testscript.LoginTest" name="verifyLoginWithInvalidUsernameInvalidPassword" time="0.738"/>
  <testcase classname="testscript.LoginTest" name="verifyLoginWithInvalidUsernameInvalidPassword" time="0.953"/>
  <testcase classname="testscript.LoginTest" name="verifyLoginWithInvalidUsernameInvalidPassword" time="0.554"/>
</testsuite> <!-- Test -->
