<?xml version="1.0" encoding="UTF-8"?>
<!-- Generated by org.testng.reporters.JUnitXMLReporter -->
<testsuite ignored="3" hostname="DESKTOP-QGMF0R9" failures="0" tests="3" name="Firefox Test" time="22.782" errors="0" timestamp="2025-09-24T13:59:52 IST">
  <testcase classname="testscript.LoginTest" name="verifyLoginWithInvalidUsernameInvalidPassword" time="0.611"/>
  <testcase classname="testscript.LoginTest" name="verifyLoginWithInvalidUsernameInvalidPassword" time="0.55"/>
  <testcase classname="testscript.LoginTest" name="verifyLoginWithInvalidUsernameInvalidPassword" time="0.494"/>
  <testcase classname="testscript.LoginTest" name="verifyLoginWithInvalidPassword" time="0.0">
    <ignored/>
  </testcase> <!-- verifyLoginWithInvalidPassword -->
  <testcase classname="testscript.LoginTest" name="verifyLoginWithValidCredentials" time="0.0">
    <ignored/>
  </testcase> <!-- verifyLoginWithValidCredentials -->
  <testcase classname="testscript.LoginTest" name="verifyLoginWithInvalidUsername" time="0.0">
    <ignored/>
  </testcase> <!-- verifyLoginWithInvalidUsername -->
</testsuite> <!-- Firefox Test -->
