<?xml version="1.0" encoding="UTF-8"?>
<!-- Generated by org.testng.reporters.JUnitXMLReporter -->
<testsuite ignored="0" hostname="DESKTOP-QGMF0R9" failures="1" tests="12" name="Test" time="65.755" errors="0" timestamp="2025-09-11T10:17:53 IST">
  <testcase classname="testscript.HomeTest" name="verifyLogout" time="3.951"/>
  <testcase classname="testscript.ManageNewsTest" name="verifyAddNews" time="3.518"/>
  <testcase classname="testscript.ManageNewsTest" name="verifyReset" time="2.118"/>
  <testcase classname="testscript.ManageNewsTest" name="verifyReturnToHome" time="1.709"/>
  <testcase classname="testscript.ManageNewsTest" name="verifySearchNews" time="2.131"/>
  <testcase classname="testscript.AdminTest" name="verifyAddUser" time="4.056"/>
  <testcase classname="testscript.LoginTest" name="verifyLoginWithValidCredentials" time="0.78">
    <skipped/>
  </testcase> <!-- verifyLoginWithValidCredentials -->
  <testcase classname="testscript.LoginTest" name="verifyLoginWithValidCredentials" time="0.955">
    <skipped/>
  </testcase> <!-- verifyLoginWithValidCredentials -->
  <testcase classname="testscript.LoginTest" name="verifyLoginWithValidCredentials" time="0.978">
    <failure type="java.lang.AssertionError" message="Login is not successful expected [https://groceryapp.uniqassosiates.com/admin] but found [https://groceryapp.uniqassosiates.com/admin/login]">
      <![CDATA[java.lang.AssertionError: Login is not successful expected [https://groceryapp.uniqassosiates.com/admin] but found [https://groceryapp.uniqassosiates.com/admin/login]
at testscript.LoginTest.verifyLoginWithValidCredentials(LoginTest.java:30)
at java.base/java.util.ArrayList.forEach(ArrayList.java:1511)
... Removed 32 stack frames]]>
    </failure>
  </testcase> <!-- verifyLoginWithValidCredentials -->
  <testcase classname="testscript.LoginTest" name="verifyLoginWithInvalidUsername" time="0.981"/>
  <testcase classname="testscript.LoginTest" name="verifyLoginWithInvalidPassword" time="0.741"/>
  <testcase classname="testscript.LoginTest" name="verifyLoginWithInvalidUsernameInvalidPassword" time="0.803"/>
</testsuite> <!-- Test -->
