<?xml version="1.0" encoding="UTF-8"?>
<testng-results ignored="0" total="1" passed="1" failed="0" skipped="0">
  <reporter-output>
  </reporter-output>
  <suite started-at="2025-09-02T11:55:45 IST" name="Default suite" finished-at="2025-09-02T11:55:54 IST" duration-ms="8908">
    <groups>
    </groups>
    <test started-at="2025-09-02T11:55:45 IST" name="Default test" finished-at="2025-09-02T11:55:54 IST" duration-ms="8908">
      <class name="testscript.HomeTest">
        <test-method is-config="true" signature="browserInitializer()[pri:0, instance:testscript.HomeTest@4686afc2]" started-at="2025-09-02T11:55:45 IST" name="browserInitializer" finished-at="2025-09-02T11:55:52 IST" duration-ms="6490" status="PASS">
          <reporter-output>
          </reporter-output>
        </test-method> <!-- browserInitializer -->
        <test-method signature="verifyLogout()[pri:0, instance:testscript.HomeTest@4686afc2]" started-at="2025-09-02T11:55:52 IST" name="verifyLogout" finished-at="2025-09-02T11:55:54 IST" duration-ms="2344" status="PASS">
          <reporter-output>
          </reporter-output>
        </test-method> <!-- verifyLogout -->
        <test-method is-config="true" signature="quitAndClose()[pri:0, instance:testscript.HomeTest@4686afc2]" started-at="2025-09-02T11:55:54 IST" name="quitAndClose" finished-at="2025-09-02T11:55:54 IST" duration-ms="2" status="PASS">
          <reporter-output>
          </reporter-output>
        </test-method> <!-- quitAndClose -->
      </class> <!-- testscript.HomeTest -->
    </test> <!-- Default test -->
  </suite> <!-- Default suite -->
</testng-results>
