<?xml version="1.0" encoding="UTF-8"?>
<testng-results ignored="0" total="1" passed="1" failed="0" skipped="0">
  <reporter-output>
  </reporter-output>
  <suite started-at="2025-08-29T15:19:04 IST" name="Default suite" finished-at="2025-08-29T15:19:14 IST" duration-ms="10167">
    <groups>
    </groups>
    <test started-at="2025-08-29T15:19:04 IST" name="Default test" finished-at="2025-08-29T15:19:14 IST" duration-ms="10167">
      <class name="testscript.ManageNewsTest">
        <test-method is-config="true" signature="browserInitializer()[pri:0, instance:testscript.ManageNewsTest@38cee291]" started-at="2025-08-29T15:19:04 IST" name="browserInitializer" finished-at="2025-08-29T15:19:11 IST" duration-ms="7169" status="PASS">
          <reporter-output>
          </reporter-output>
        </test-method> <!-- browserInitializer -->
        <test-method signature="verifyReset()[pri:0, instance:testscript.ManageNewsTest@38cee291]" started-at="2025-08-29T15:19:11 IST" name="verifyReset" finished-at="2025-08-29T15:19:14 IST" duration-ms="2913" status="PASS">
          <reporter-output>
          </reporter-output>
        </test-method> <!-- verifyReset -->
        <test-method is-config="true" signature="quitAndClose()[pri:0, instance:testscript.ManageNewsTest@38cee291]" started-at="2025-08-29T15:19:14 IST" name="quitAndClose" finished-at="2025-08-29T15:19:14 IST" duration-ms="1" status="PASS">
          <reporter-output>
          </reporter-output>
        </test-method> <!-- quitAndClose -->
      </class> <!-- testscript.ManageNewsTest -->
    </test> <!-- Default test -->
  </suite> <!-- Default suite -->
</testng-results>
