<?xml version="1.0" encoding="UTF-8"?>
<testng-results ignored="0" total="10" passed="10" failed="0" skipped="0">
  <reporter-output>
  </reporter-output>
  <suite started-at="2025-09-09T10:07:54 IST" name="Suite" finished-at="2025-09-09T10:08:51 IST" duration-ms="56825">
    <groups>
    </groups>
    <test started-at="2025-09-09T10:07:54 IST" name="Test" finished-at="2025-09-09T10:08:51 IST" duration-ms="56825">
      <class name="testscript.ManageNewsTest">
        <test-method is-config="true" signature="browserInitializer()[pri:0, instance:testscript.ManageNewsTest@74e28667]" started-at="2025-09-09T10:08:03 IST" name="browserInitializer" finished-at="2025-09-09T10:08:06 IST" duration-ms="2934" status="PASS">
          <reporter-output>
          </reporter-output>
        </test-method> <!-- browserInitializer -->
        <test-method signature="verifyAddNews()[pri:0, instance:testscript.ManageNewsTest@74e28667]" started-at="2025-09-09T10:08:06 IST" name="verifyAddNews" description="Verify User is able to Add News" finished-at="2025-09-09T10:08:09 IST" duration-ms="2444" status="PASS">
          <reporter-output>
          </reporter-output>
        </test-method> <!-- verifyAddNews -->
        <test-method is-config="true" signature="driverQuit(org.testng.ITestResult)[pri:0, instance:testscript.ManageNewsTest@74e28667]" started-at="2025-09-09T10:08:09 IST" name="driverQuit" finished-at="2025-09-09T10:08:09 IST" duration-ms="239" status="PASS">
          <params>
            <param index="0">
              <value>
                <![CDATA[[TestResult name=verifyAddNews status=SUCCESS method=ManageNewsTest.verifyAddNews()[pri:0, instance:testscript.ManageNewsTest@74e28667] output={null}]]]>
              </value>
            </param>
          </params>
          <reporter-output>
          </reporter-output>
        </test-method> <!-- driverQuit -->
        <test-method is-config="true" signature="quitAndClose()[pri:0, instance:testscript.ManageNewsTest@74e28667]" started-at="2025-09-09T10:08:09 IST" name="quitAndClose" finished-at="2025-09-09T10:08:09 IST" duration-ms="1" status="PASS">
          <reporter-output>
          </reporter-output>
        </test-method> <!-- quitAndClose -->
        <test-method is-config="true" signature="browserInitializer()[pri:0, instance:testscript.ManageNewsTest@74e28667]" started-at="2025-09-09T10:08:09 IST" name="browserInitializer" finished-at="2025-09-09T10:08:12 IST" duration-ms="3042" status="PASS">
          <reporter-output>
          </reporter-output>
        </test-method> <!-- browserInitializer -->
        <test-method signature="verifyReset()[pri:0, instance:testscript.ManageNewsTest@74e28667]" started-at="2025-09-09T10:08:12 IST" name="verifyReset" description="Verify User is able to Reset" finished-at="2025-09-09T10:08:14 IST" duration-ms="1960" status="PASS">
          <reporter-output>
          </reporter-output>
        </test-method> <!-- verifyReset -->
        <test-method is-config="true" signature="driverQuit(org.testng.ITestResult)[pri:0, instance:testscript.ManageNewsTest@74e28667]" started-at="2025-09-09T10:08:14 IST" name="driverQuit" finished-at="2025-09-09T10:08:14 IST" duration-ms="356" status="PASS">
          <params>
            <param index="0">
              <value>
                <![CDATA[[TestResult name=verifyReset status=SUCCESS method=ManageNewsTest.verifyReset()[pri:0, instance:testscript.ManageNewsTest@74e28667] output={null}]]]>
              </value>
            </param>
          </params>
          <reporter-output>
          </reporter-output>
        </test-method> <!-- driverQuit -->
        <test-method is-config="true" signature="quitAndClose()[pri:0, instance:testscript.ManageNewsTest@74e28667]" started-at="2025-09-09T10:08:14 IST" name="quitAndClose" finished-at="2025-09-09T10:08:14 IST" duration-ms="0" status="PASS">
          <reporter-output>
          </reporter-output>
        </test-method> <!-- quitAndClose -->
        <test-method is-config="true" signature="browserInitializer()[pri:0, instance:testscript.ManageNewsTest@74e28667]" started-at="2025-09-09T10:08:14 IST" name="browserInitializer" finished-at="2025-09-09T10:08:17 IST" duration-ms="2932" status="PASS">
          <reporter-output>
          </reporter-output>
        </test-method> <!-- browserInitializer -->
        <test-method signature="verifyReturnToHome()[pri:0, instance:testscript.ManageNewsTest@74e28667]" started-at="2025-09-09T10:08:17 IST" name="verifyReturnToHome" description="Verify User is able to Return to Home Page" finished-at="2025-09-09T10:08:19 IST" duration-ms="1945" status="PASS">
          <reporter-output>
          </reporter-output>
        </test-method> <!-- verifyReturnToHome -->
        <test-method is-config="true" signature="driverQuit(org.testng.ITestResult)[pri:0, instance:testscript.ManageNewsTest@74e28667]" started-at="2025-09-09T10:08:19 IST" name="driverQuit" finished-at="2025-09-09T10:08:20 IST" duration-ms="231" status="PASS">
          <params>
            <param index="0">
              <value>
                <![CDATA[[TestResult name=verifyReturnToHome status=SUCCESS method=ManageNewsTest.verifyReturnToHome()[pri:0, instance:testscript.ManageNewsTest@74e28667] output={null}]]]>
              </value>
            </param>
          </params>
          <reporter-output>
          </reporter-output>
        </test-method> <!-- driverQuit -->
        <test-method is-config="true" signature="quitAndClose()[pri:0, instance:testscript.ManageNewsTest@74e28667]" started-at="2025-09-09T10:08:20 IST" name="quitAndClose" finished-at="2025-09-09T10:08:20 IST" duration-ms="0" status="PASS">
          <reporter-output>
          </reporter-output>
        </test-method> <!-- quitAndClose -->
        <test-method is-config="true" signature="browserInitializer()[pri:0, instance:testscript.ManageNewsTest@74e28667]" started-at="2025-09-09T10:08:20 IST" name="browserInitializer" finished-at="2025-09-09T10:08:22 IST" duration-ms="2930" status="PASS">
          <reporter-output>
          </reporter-output>
        </test-method> <!-- browserInitializer -->
        <test-method signature="verifySearchNews()[pri:0, instance:testscript.ManageNewsTest@74e28667]" started-at="2025-09-09T10:08:22 IST" name="verifySearchNews" description="Verify User is able to Search News" finished-at="2025-09-09T10:08:25 IST" duration-ms="2528" status="PASS">
          <reporter-output>
          </reporter-output>
        </test-method> <!-- verifySearchNews -->
        <test-method is-config="true" signature="driverQuit(org.testng.ITestResult)[pri:0, instance:testscript.ManageNewsTest@74e28667]" started-at="2025-09-09T10:08:25 IST" name="driverQuit" finished-at="2025-09-09T10:08:25 IST" duration-ms="323" status="PASS">
          <params>
            <param index="0">
              <value>
                <![CDATA[[TestResult name=verifySearchNews status=SUCCESS method=ManageNewsTest.verifySearchNews()[pri:0, instance:testscript.ManageNewsTest@74e28667] output={null}]]]>
              </value>
            </param>
          </params>
          <reporter-output>
          </reporter-output>
        </test-method> <!-- driverQuit -->
        <test-method is-config="true" signature="quitAndClose()[pri:0, instance:testscript.ManageNewsTest@74e28667]" started-at="2025-09-09T10:08:25 IST" name="quitAndClose" finished-at="2025-09-09T10:08:25 IST" duration-ms="1" status="PASS">
          <reporter-output>
          </reporter-output>
        </test-method> <!-- quitAndClose -->
      </class> <!-- testscript.ManageNewsTest -->
      <class name="testscript.HomeTest">
        <test-method is-config="true" signature="browserInitializer()[pri:0, instance:testscript.HomeTest@4b45a2f5]" started-at="2025-09-09T10:07:54 IST" name="browserInitializer" finished-at="2025-09-09T10:08:00 IST" duration-ms="5636" status="PASS">
          <reporter-output>
          </reporter-output>
        </test-method> <!-- browserInitializer -->
        <test-method signature="verifyLogout()[pri:0, instance:testscript.HomeTest@4b45a2f5]" started-at="2025-09-09T10:08:00 IST" name="verifyLogout" description="Verify User is able to Logout" finished-at="2025-09-09T10:08:03 IST" duration-ms="3525" status="PASS">
          <reporter-output>
          </reporter-output>
        </test-method> <!-- verifyLogout -->
        <test-method is-config="true" signature="driverQuit(org.testng.ITestResult)[pri:0, instance:testscript.HomeTest@4b45a2f5]" started-at="2025-09-09T10:08:03 IST" name="driverQuit" finished-at="2025-09-09T10:08:03 IST" duration-ms="285" status="PASS">
          <params>
            <param index="0">
              <value>
                <![CDATA[[TestResult name=verifyLogout status=SUCCESS method=HomeTest.verifyLogout()[pri:0, instance:testscript.HomeTest@4b45a2f5] output={null}]]]>
              </value>
            </param>
          </params>
          <reporter-output>
          </reporter-output>
        </test-method> <!-- driverQuit -->
        <test-method is-config="true" signature="quitAndClose()[pri:0, instance:testscript.HomeTest@4b45a2f5]" started-at="2025-09-09T10:08:03 IST" name="quitAndClose" finished-at="2025-09-09T10:08:03 IST" duration-ms="1" status="PASS">
          <reporter-output>
          </reporter-output>
        </test-method> <!-- quitAndClose -->
      </class> <!-- testscript.HomeTest -->
      <class name="testscript.AdminTest">
        <test-method is-config="true" signature="browserInitializer()[pri:0, instance:testscript.AdminTest@1cf6d1be]" started-at="2025-09-09T10:08:25 IST" name="browserInitializer" finished-at="2025-09-09T10:08:28 IST" duration-ms="2954" status="PASS">
          <reporter-output>
          </reporter-output>
        </test-method> <!-- browserInitializer -->
        <test-method signature="verifyAddUser()[pri:0, instance:testscript.AdminTest@1cf6d1be]" started-at="2025-09-09T10:08:28 IST" name="verifyAddUser" description="Verify Add New Users in the Admin" finished-at="2025-09-09T10:08:33 IST" duration-ms="4846" status="PASS">
          <reporter-output>
          </reporter-output>
        </test-method> <!-- verifyAddUser -->
        <test-method is-config="true" signature="driverQuit(org.testng.ITestResult)[pri:0, instance:testscript.AdminTest@1cf6d1be]" started-at="2025-09-09T10:08:33 IST" name="driverQuit" finished-at="2025-09-09T10:08:33 IST" duration-ms="335" status="PASS">
          <params>
            <param index="0">
              <value>
                <![CDATA[[TestResult name=verifyAddUser status=SUCCESS method=AdminTest.verifyAddUser()[pri:0, instance:testscript.AdminTest@1cf6d1be] output={null}]]]>
              </value>
            </param>
          </params>
          <reporter-output>
          </reporter-output>
        </test-method> <!-- driverQuit -->
        <test-method is-config="true" signature="quitAndClose()[pri:0, instance:testscript.AdminTest@1cf6d1be]" started-at="2025-09-09T10:08:33 IST" name="quitAndClose" finished-at="2025-09-09T10:08:33 IST" duration-ms="0" status="PASS">
          <reporter-output>
          </reporter-output>
        </test-method> <!-- quitAndClose -->
      </class> <!-- testscript.AdminTest -->
      <class name="testscript.LoginTest">
        <test-method is-config="true" signature="browserInitializer()[pri:0, instance:testscript.LoginTest@663c9e7a]" started-at="2025-09-09T10:08:33 IST" name="browserInitializer" finished-at="2025-09-09T10:08:36 IST" duration-ms="2871" status="PASS">
          <reporter-output>
          </reporter-output>
        </test-method> <!-- browserInitializer -->
        <test-method signature="verifyLoginWithValidCredentials()[pri:1, instance:testscript.LoginTest@663c9e7a]" started-at="2025-09-09T10:08:36 IST" name="verifyLoginWithValidCredentials" description="Login with valid credentials" finished-at="2025-09-09T10:08:37 IST" duration-ms="1160" status="PASS">
          <reporter-output>
          </reporter-output>
        </test-method> <!-- verifyLoginWithValidCredentials -->
        <test-method is-config="true" signature="driverQuit(org.testng.ITestResult)[pri:0, instance:testscript.LoginTest@663c9e7a]" started-at="2025-09-09T10:08:37 IST" name="driverQuit" finished-at="2025-09-09T10:08:38 IST" duration-ms="665" status="PASS">
          <params>
            <param index="0">
              <value>
                <![CDATA[[TestResult name=verifyLoginWithValidCredentials status=SUCCESS method=LoginTest.verifyLoginWithValidCredentials()[pri:1, instance:testscript.LoginTest@663c9e7a] output={null}]]]>
              </value>
            </param>
          </params>
          <reporter-output>
          </reporter-output>
        </test-method> <!-- driverQuit -->
        <test-method is-config="true" signature="quitAndClose()[pri:0, instance:testscript.LoginTest@663c9e7a]" started-at="2025-09-09T10:08:38 IST" name="quitAndClose" finished-at="2025-09-09T10:08:38 IST" duration-ms="1" status="PASS">
          <reporter-output>
          </reporter-output>
        </test-method> <!-- quitAndClose -->
        <test-method is-config="true" signature="browserInitializer()[pri:0, instance:testscript.LoginTest@663c9e7a]" started-at="2025-09-09T10:08:38 IST" name="browserInitializer" finished-at="2025-09-09T10:08:41 IST" duration-ms="2703" status="PASS">
          <reporter-output>
          </reporter-output>
        </test-method> <!-- browserInitializer -->
        <test-method signature="verifyLoginWithInvalidUsername()[pri:2, instance:testscript.LoginTest@663c9e7a]" started-at="2025-09-09T10:08:41 IST" name="verifyLoginWithInvalidUsername" description="Login with Invalid Username" finished-at="2025-09-09T10:08:42 IST" duration-ms="1255" status="PASS">
          <reporter-output>
          </reporter-output>
        </test-method> <!-- verifyLoginWithInvalidUsername -->
        <test-method is-config="true" signature="driverQuit(org.testng.ITestResult)[pri:0, instance:testscript.LoginTest@663c9e7a]" started-at="2025-09-09T10:08:42 IST" name="driverQuit" finished-at="2025-09-09T10:08:43 IST" duration-ms="505" status="PASS">
          <params>
            <param index="0">
              <value>
                <![CDATA[[TestResult name=verifyLoginWithInvalidUsername status=SUCCESS method=LoginTest.verifyLoginWithInvalidUsername()[pri:2, instance:testscript.LoginTest@663c9e7a] output={null}]]]>
              </value>
            </param>
          </params>
          <reporter-output>
          </reporter-output>
        </test-method> <!-- driverQuit -->
        <test-method is-config="true" signature="quitAndClose()[pri:0, instance:testscript.LoginTest@663c9e7a]" started-at="2025-09-09T10:08:43 IST" name="quitAndClose" finished-at="2025-09-09T10:08:43 IST" duration-ms="1" status="PASS">
          <reporter-output>
          </reporter-output>
        </test-method> <!-- quitAndClose -->
        <test-method is-config="true" signature="browserInitializer()[pri:0, instance:testscript.LoginTest@663c9e7a]" started-at="2025-09-09T10:08:43 IST" name="browserInitializer" finished-at="2025-09-09T10:08:46 IST" duration-ms="2971" status="PASS">
          <reporter-output>
          </reporter-output>
        </test-method> <!-- browserInitializer -->
        <test-method signature="verifyLoginWithInvalidPassword()[pri:3, instance:testscript.LoginTest@663c9e7a]" started-at="2025-09-09T10:08:46 IST" name="verifyLoginWithInvalidPassword" description="Login with Invalid Password" finished-at="2025-09-09T10:08:46 IST" duration-ms="659" status="PASS">
          <reporter-output>
          </reporter-output>
        </test-method> <!-- verifyLoginWithInvalidPassword -->
        <test-method is-config="true" signature="driverQuit(org.testng.ITestResult)[pri:0, instance:testscript.LoginTest@663c9e7a]" started-at="2025-09-09T10:08:46 IST" name="driverQuit" finished-at="2025-09-09T10:08:47 IST" duration-ms="247" status="PASS">
          <params>
            <param index="0">
              <value>
                <![CDATA[[TestResult name=verifyLoginWithInvalidPassword status=SUCCESS method=LoginTest.verifyLoginWithInvalidPassword()[pri:3, instance:testscript.LoginTest@663c9e7a] output={null}]]]>
              </value>
            </param>
          </params>
          <reporter-output>
          </reporter-output>
        </test-method> <!-- driverQuit -->
        <test-method is-config="true" signature="quitAndClose()[pri:0, instance:testscript.LoginTest@663c9e7a]" started-at="2025-09-09T10:08:47 IST" name="quitAndClose" finished-at="2025-09-09T10:08:47 IST" duration-ms="0" status="PASS">
          <reporter-output>
          </reporter-output>
        </test-method> <!-- quitAndClose -->
        <test-method is-config="true" signature="browserInitializer()[pri:0, instance:testscript.LoginTest@663c9e7a]" started-at="2025-09-09T10:08:47 IST" name="browserInitializer" finished-at="2025-09-09T10:08:50 IST" duration-ms="3077" status="PASS">
          <reporter-output>
          </reporter-output>
        </test-method> <!-- browserInitializer -->
        <test-method signature="verifyLoginWithInvalidUsernameInvalidPassword()[pri:4, instance:testscript.LoginTest@663c9e7a]" started-at="2025-09-09T10:08:50 IST" name="verifyLoginWithInvalidUsernameInvalidPassword" description="Login with Invalid Username and Invalid Password" finished-at="2025-09-09T10:08:50 IST" duration-ms="772" status="PASS">
          <reporter-output>
          </reporter-output>
        </test-method> <!-- verifyLoginWithInvalidUsernameInvalidPassword -->
        <test-method is-config="true" signature="driverQuit(org.testng.ITestResult)[pri:0, instance:testscript.LoginTest@663c9e7a]" started-at="2025-09-09T10:08:50 IST" name="driverQuit" finished-at="2025-09-09T10:08:51 IST" duration-ms="316" status="PASS">
          <params>
            <param index="0">
              <value>
                <![CDATA[[TestResult name=verifyLoginWithInvalidUsernameInvalidPassword status=SUCCESS method=LoginTest.verifyLoginWithInvalidUsernameInvalidPassword()[pri:4, instance:testscript.LoginTest@663c9e7a] output={null}]]]>
              </value>
            </param>
          </params>
          <reporter-output>
          </reporter-output>
        </test-method> <!-- driverQuit -->
        <test-method is-config="true" signature="quitAndClose()[pri:0, instance:testscript.LoginTest@663c9e7a]" started-at="2025-09-09T10:08:51 IST" name="quitAndClose" finished-at="2025-09-09T10:08:51 IST" duration-ms="1" status="PASS">
          <reporter-output>
          </reporter-output>
        </test-method> <!-- quitAndClose -->
      </class> <!-- testscript.LoginTest -->
    </test> <!-- Test -->
  </suite> <!-- Suite -->
</testng-results>
