<?xml version="1.0" encoding="UTF-8"?>
<testng-results ignored="0" total="6" passed="6" failed="0" skipped="0">
  <reporter-output>
  </reporter-output>
  <suite started-at="2025-09-24T14:06:31 IST" name="parallel" finished-at="2025-09-24T14:06:51 IST" duration-ms="20212">
    <groups>
    </groups>
    <test started-at="2025-09-24T14:06:31 IST" name="Test1" finished-at="2025-09-24T14:06:41 IST" duration-ms="10429">
      <class name="testscript.LoginTest">
        <test-method is-config="true" signature="browserInitializer(java.lang.String)[pri:0, instance:testscript.LoginTest@29ca3d04]" started-at="2025-09-24T14:06:31 IST" name="browserInitializer" finished-at="2025-09-24T14:06:34 IST" duration-ms="3408" status="PASS">
          <params>
            <param index="0">
              <value>
                <![CDATA[chrome]]>
              </value>
            </param>
          </params>
          <reporter-output>
          </reporter-output>
        </test-method> <!-- browserInitializer -->
        <test-method signature="verifyLoginWithInvalidUsernameInvalidPassword(java.lang.String,java.lang.String)[pri:4, instance:testscript.LoginTest@29ca3d04]" started-at="2025-09-24T14:06:34 IST" name="verifyLoginWithInvalidUsernameInvalidPassword" description="Login with Invalid Username and Invalid Password" data-provider="loginProvider" finished-at="2025-09-24T14:06:35 IST" duration-ms="607" status="PASS">
          <params>
            <param index="0">
              <value>
                <![CDATA[user]]>
              </value>
            </param>
            <param index="1">
              <value>
                <![CDATA[password]]>
              </value>
            </param>
          </params>
          <reporter-output>
          </reporter-output>
        </test-method> <!-- verifyLoginWithInvalidUsernameInvalidPassword -->
        <test-method is-config="true" signature="driverQuit(org.testng.ITestResult)[pri:0, instance:testscript.LoginTest@29ca3d04]" started-at="2025-09-24T14:06:35 IST" name="driverQuit" finished-at="2025-09-24T14:06:35 IST" duration-ms="235" status="PASS">
          <params>
            <param index="0">
              <value>
                <![CDATA[[TestResult name=verifyLoginWithInvalidUsernameInvalidPassword status=SUCCESS method=LoginTest.verifyLoginWithInvalidUsernameInvalidPassword(java.lang.String,java.lang.String)[pri:4, instance:testscript.LoginTest@29ca3d04] output={null}]]]>
              </value>
            </param>
          </params>
          <reporter-output>
          </reporter-output>
        </test-method> <!-- driverQuit -->
        <test-method is-config="true" signature="quitAndClose()[pri:0, instance:testscript.LoginTest@29ca3d04]" started-at="2025-09-24T14:06:35 IST" name="quitAndClose" finished-at="2025-09-24T14:06:35 IST" duration-ms="0" status="PASS">
          <reporter-output>
          </reporter-output>
        </test-method> <!-- quitAndClose -->
        <test-method is-config="true" signature="browserInitializer(java.lang.String)[pri:0, instance:testscript.LoginTest@29ca3d04]" started-at="2025-09-24T14:06:35 IST" name="browserInitializer" finished-at="2025-09-24T14:06:37 IST" duration-ms="2231" status="PASS">
          <params>
            <param index="0">
              <value>
                <![CDATA[chrome]]>
              </value>
            </param>
          </params>
          <reporter-output>
          </reporter-output>
        </test-method> <!-- browserInitializer -->
        <test-method signature="verifyLoginWithInvalidUsernameInvalidPassword(java.lang.String,java.lang.String)[pri:4, instance:testscript.LoginTest@29ca3d04]" started-at="2025-09-24T14:06:37 IST" name="verifyLoginWithInvalidUsernameInvalidPassword" description="Login with Invalid Username and Invalid Password" data-provider="loginProvider" finished-at="2025-09-24T14:06:38 IST" duration-ms="541" status="PASS">
          <params>
            <param index="0">
              <value>
                <![CDATA[username]]>
              </value>
            </param>
            <param index="1">
              <value>
                <![CDATA[pass]]>
              </value>
            </param>
          </params>
          <reporter-output>
          </reporter-output>
        </test-method> <!-- verifyLoginWithInvalidUsernameInvalidPassword -->
        <test-method is-config="true" signature="driverQuit(org.testng.ITestResult)[pri:0, instance:testscript.LoginTest@29ca3d04]" started-at="2025-09-24T14:06:38 IST" name="driverQuit" finished-at="2025-09-24T14:06:38 IST" duration-ms="202" status="PASS">
          <params>
            <param index="0">
              <value>
                <![CDATA[[TestResult name=verifyLoginWithInvalidUsernameInvalidPassword status=SUCCESS method=LoginTest.verifyLoginWithInvalidUsernameInvalidPassword(java.lang.String,java.lang.String)[pri:4, instance:testscript.LoginTest@29ca3d04] output={null}]]]>
              </value>
            </param>
          </params>
          <reporter-output>
          </reporter-output>
        </test-method> <!-- driverQuit -->
        <test-method is-config="true" signature="quitAndClose()[pri:0, instance:testscript.LoginTest@29ca3d04]" started-at="2025-09-24T14:06:38 IST" name="quitAndClose" finished-at="2025-09-24T14:06:38 IST" duration-ms="0" status="PASS">
          <reporter-output>
          </reporter-output>
        </test-method> <!-- quitAndClose -->
        <test-method is-config="true" signature="browserInitializer(java.lang.String)[pri:0, instance:testscript.LoginTest@29ca3d04]" started-at="2025-09-24T14:06:38 IST" name="browserInitializer" finished-at="2025-09-24T14:06:40 IST" duration-ms="2341" status="PASS">
          <params>
            <param index="0">
              <value>
                <![CDATA[chrome]]>
              </value>
            </param>
          </params>
          <reporter-output>
          </reporter-output>
        </test-method> <!-- browserInitializer -->
        <test-method signature="verifyLoginWithInvalidUsernameInvalidPassword(java.lang.String,java.lang.String)[pri:4, instance:testscript.LoginTest@29ca3d04]" started-at="2025-09-24T14:06:40 IST" name="verifyLoginWithInvalidUsernameInvalidPassword" description="Login with Invalid Username and Invalid Password" data-provider="loginProvider" finished-at="2025-09-24T14:06:41 IST" duration-ms="550" status="PASS">
          <params>
            <param index="0">
              <value>
                <![CDATA[user1]]>
              </value>
            </param>
            <param index="1">
              <value>
                <![CDATA[password1]]>
              </value>
            </param>
          </params>
          <reporter-output>
          </reporter-output>
        </test-method> <!-- verifyLoginWithInvalidUsernameInvalidPassword -->
        <test-method is-config="true" signature="driverQuit(org.testng.ITestResult)[pri:0, instance:testscript.LoginTest@29ca3d04]" started-at="2025-09-24T14:06:41 IST" name="driverQuit" finished-at="2025-09-24T14:06:41 IST" duration-ms="209" status="PASS">
          <params>
            <param index="0">
              <value>
                <![CDATA[[TestResult name=verifyLoginWithInvalidUsernameInvalidPassword status=SUCCESS method=LoginTest.verifyLoginWithInvalidUsernameInvalidPassword(java.lang.String,java.lang.String)[pri:4, instance:testscript.LoginTest@29ca3d04] output={null}]]]>
              </value>
            </param>
          </params>
          <reporter-output>
          </reporter-output>
        </test-method> <!-- driverQuit -->
        <test-method is-config="true" signature="quitAndClose()[pri:0, instance:testscript.LoginTest@29ca3d04]" started-at="2025-09-24T14:06:41 IST" name="quitAndClose" finished-at="2025-09-24T14:06:41 IST" duration-ms="1" status="PASS">
          <reporter-output>
          </reporter-output>
        </test-method> <!-- quitAndClose -->
      </class> <!-- testscript.LoginTest -->
    </test> <!-- Test1 -->
    <test started-at="2025-09-24T14:06:42 IST" name="Test2" finished-at="2025-09-24T14:06:51 IST" duration-ms="9282">
      <class name="testscript.LoginTest">
        <test-method is-config="true" signature="browserInitializer(java.lang.String)[pri:0, instance:testscript.LoginTest@421bba99]" started-at="2025-09-24T14:06:42 IST" name="browserInitializer" finished-at="2025-09-24T14:06:44 IST" duration-ms="2491" status="PASS">
          <params>
            <param index="0">
              <value>
                <![CDATA[chrome]]>
              </value>
            </param>
          </params>
          <reporter-output>
          </reporter-output>
        </test-method> <!-- browserInitializer -->
        <test-method signature="verifyLoginWithInvalidUsernameInvalidPassword(java.lang.String,java.lang.String)[pri:4, instance:testscript.LoginTest@421bba99]" started-at="2025-09-24T14:06:44 IST" name="verifyLoginWithInvalidUsernameInvalidPassword" description="Login with Invalid Username and Invalid Password" data-provider="loginProvider" finished-at="2025-09-24T14:06:45 IST" duration-ms="572" status="PASS">
          <params>
            <param index="0">
              <value>
                <![CDATA[user]]>
              </value>
            </param>
            <param index="1">
              <value>
                <![CDATA[password]]>
              </value>
            </param>
          </params>
          <reporter-output>
          </reporter-output>
        </test-method> <!-- verifyLoginWithInvalidUsernameInvalidPassword -->
        <test-method is-config="true" signature="driverQuit(org.testng.ITestResult)[pri:0, instance:testscript.LoginTest@421bba99]" started-at="2025-09-24T14:06:45 IST" name="driverQuit" finished-at="2025-09-24T14:06:45 IST" duration-ms="212" status="PASS">
          <params>
            <param index="0">
              <value>
                <![CDATA[[TestResult name=verifyLoginWithInvalidUsernameInvalidPassword status=SUCCESS method=LoginTest.verifyLoginWithInvalidUsernameInvalidPassword(java.lang.String,java.lang.String)[pri:4, instance:testscript.LoginTest@421bba99] output={null}]]]>
              </value>
            </param>
          </params>
          <reporter-output>
          </reporter-output>
        </test-method> <!-- driverQuit -->
        <test-method is-config="true" signature="quitAndClose()[pri:0, instance:testscript.LoginTest@421bba99]" started-at="2025-09-24T14:06:45 IST" name="quitAndClose" finished-at="2025-09-24T14:06:45 IST" duration-ms="1" status="PASS">
          <reporter-output>
          </reporter-output>
        </test-method> <!-- quitAndClose -->
        <test-method is-config="true" signature="browserInitializer(java.lang.String)[pri:0, instance:testscript.LoginTest@421bba99]" started-at="2025-09-24T14:06:45 IST" name="browserInitializer" finished-at="2025-09-24T14:06:47 IST" duration-ms="2197" status="PASS">
          <params>
            <param index="0">
              <value>
                <![CDATA[chrome]]>
              </value>
            </param>
          </params>
          <reporter-output>
          </reporter-output>
        </test-method> <!-- browserInitializer -->
        <test-method signature="verifyLoginWithInvalidUsernameInvalidPassword(java.lang.String,java.lang.String)[pri:4, instance:testscript.LoginTest@421bba99]" started-at="2025-09-24T14:06:47 IST" name="verifyLoginWithInvalidUsernameInvalidPassword" description="Login with Invalid Username and Invalid Password" data-provider="loginProvider" finished-at="2025-09-24T14:06:48 IST" duration-ms="553" status="PASS">
          <params>
            <param index="0">
              <value>
                <![CDATA[username]]>
              </value>
            </param>
            <param index="1">
              <value>
                <![CDATA[pass]]>
              </value>
            </param>
          </params>
          <reporter-output>
          </reporter-output>
        </test-method> <!-- verifyLoginWithInvalidUsernameInvalidPassword -->
        <test-method is-config="true" signature="driverQuit(org.testng.ITestResult)[pri:0, instance:testscript.LoginTest@421bba99]" started-at="2025-09-24T14:06:48 IST" name="driverQuit" finished-at="2025-09-24T14:06:48 IST" duration-ms="208" status="PASS">
          <params>
            <param index="0">
              <value>
                <![CDATA[[TestResult name=verifyLoginWithInvalidUsernameInvalidPassword status=SUCCESS method=LoginTest.verifyLoginWithInvalidUsernameInvalidPassword(java.lang.String,java.lang.String)[pri:4, instance:testscript.LoginTest@421bba99] output={null}]]]>
              </value>
            </param>
          </params>
          <reporter-output>
          </reporter-output>
        </test-method> <!-- driverQuit -->
        <test-method is-config="true" signature="quitAndClose()[pri:0, instance:testscript.LoginTest@421bba99]" started-at="2025-09-24T14:06:48 IST" name="quitAndClose" finished-at="2025-09-24T14:06:48 IST" duration-ms="0" status="PASS">
          <reporter-output>
          </reporter-output>
        </test-method> <!-- quitAndClose -->
        <test-method is-config="true" signature="browserInitializer(java.lang.String)[pri:0, instance:testscript.LoginTest@421bba99]" started-at="2025-09-24T14:06:48 IST" name="browserInitializer" finished-at="2025-09-24T14:06:50 IST" duration-ms="2194" status="PASS">
          <params>
            <param index="0">
              <value>
                <![CDATA[chrome]]>
              </value>
            </param>
          </params>
          <reporter-output>
          </reporter-output>
        </test-method> <!-- browserInitializer -->
        <test-method signature="verifyLoginWithInvalidUsernameInvalidPassword(java.lang.String,java.lang.String)[pri:4, instance:testscript.LoginTest@421bba99]" started-at="2025-09-24T14:06:50 IST" name="verifyLoginWithInvalidUsernameInvalidPassword" description="Login with Invalid Username and Invalid Password" data-provider="loginProvider" finished-at="2025-09-24T14:06:51 IST" duration-ms="618" status="PASS">
          <params>
            <param index="0">
              <value>
                <![CDATA[user1]]>
              </value>
            </param>
            <param index="1">
              <value>
                <![CDATA[password1]]>
              </value>
            </param>
          </params>
          <reporter-output>
          </reporter-output>
        </test-method> <!-- verifyLoginWithInvalidUsernameInvalidPassword -->
        <test-method is-config="true" signature="driverQuit(org.testng.ITestResult)[pri:0, instance:testscript.LoginTest@421bba99]" started-at="2025-09-24T14:06:51 IST" name="driverQuit" finished-at="2025-09-24T14:06:51 IST" duration-ms="214" status="PASS">
          <params>
            <param index="0">
              <value>
                <![CDATA[[TestResult name=verifyLoginWithInvalidUsernameInvalidPassword status=SUCCESS method=LoginTest.verifyLoginWithInvalidUsernameInvalidPassword(java.lang.String,java.lang.String)[pri:4, instance:testscript.LoginTest@421bba99] output={null}]]]>
              </value>
            </param>
          </params>
          <reporter-output>
          </reporter-output>
        </test-method> <!-- driverQuit -->
        <test-method is-config="true" signature="quitAndClose()[pri:0, instance:testscript.LoginTest@421bba99]" started-at="2025-09-24T14:06:51 IST" name="quitAndClose" finished-at="2025-09-24T14:06:51 IST" duration-ms="1" status="PASS">
          <reporter-output>
          </reporter-output>
        </test-method> <!-- quitAndClose -->
      </class> <!-- testscript.LoginTest -->
    </test> <!-- Test2 -->
  </suite> <!-- parallel -->
</testng-results>
