<?xml version="1.0" encoding="UTF-8"?>
<testng-results ignored="0" total="1" passed="1" failed="0" skipped="0">
  <reporter-output>
  </reporter-output>
  <suite started-at="2025-09-02T15:19:29 IST" name="Default suite" finished-at="2025-09-02T15:19:36 IST" duration-ms="6876">
    <groups>
    </groups>
    <test started-at="2025-09-02T15:19:29 IST" name="Default test" finished-at="2025-09-02T15:19:36 IST" duration-ms="6876">
      <class name="testscript.AdminTest">
        <test-method is-config="true" signature="browserInitializer()[pri:0, instance:testscript.AdminTest@4686afc2]" started-at="2025-09-02T15:19:29 IST" name="browserInitializer" finished-at="2025-09-02T15:19:33 IST" duration-ms="3171" status="PASS">
          <reporter-output>
          </reporter-output>
        </test-method> <!-- browserInitializer -->
        <test-method signature="verifyAddUser()[pri:0, instance:testscript.AdminTest@4686afc2]" started-at="2025-09-02T15:19:33 IST" name="verifyAddUser" finished-at="2025-09-02T15:19:36 IST" duration-ms="3631" status="PASS">
          <reporter-output>
          </reporter-output>
        </test-method> <!-- verifyAddUser -->
        <test-method is-config="true" signature="quitAndClose()[pri:0, instance:testscript.AdminTest@4686afc2]" started-at="2025-09-02T15:19:36 IST" name="quitAndClose" finished-at="2025-09-02T15:19:36 IST" duration-ms="1" status="PASS">
          <reporter-output>
          </reporter-output>
        </test-method> <!-- quitAndClose -->
      </class> <!-- testscript.AdminTest -->
    </test> <!-- Default test -->
  </suite> <!-- Default suite -->
</testng-results>
