<?xml version="1.0" encoding="UTF-8"?>
<testng-results ignored="0" total="3" passed="3" failed="0" skipped="0">
  <reporter-output>
  </reporter-output>
  <suite started-at="2025-09-12T14:58:13 IST" name="Suite" finished-at="2025-09-12T14:58:24 IST" duration-ms="10738">
    <groups>
    </groups>
    <test started-at="2025-09-12T14:58:13 IST" name="Test" finished-at="2025-09-12T14:58:24 IST" duration-ms="10738">
      <class name="testscript.LoginTest">
        <test-method is-config="true" signature="browserInitializer()[pri:0, instance:testscript.LoginTest@3ad2e17]" started-at="2025-09-12T14:58:13 IST" name="browserInitializer" finished-at="2025-09-12T14:58:16 IST" duration-ms="3024" status="PASS">
          <reporter-output>
          </reporter-output>
        </test-method> <!-- browserInitializer -->
        <test-method signature="verifyLoginWithInvalidUsernameInvalidPassword(java.lang.String,java.lang.String)[pri:4, instance:testscript.LoginTest@3ad2e17]" started-at="2025-09-12T14:58:16 IST" name="verifyLoginWithInvalidUsernameInvalidPassword" description="Login with Invalid Username and Invalid Password" data-provider="loginProvider" finished-at="2025-09-12T14:58:17 IST" duration-ms="585" status="PASS">
          <params>
            <param index="0">
              <value>
                <![CDATA[user]]>
              </value>
            </param>
            <param index="1">
              <value>
                <![CDATA[password]]>
              </value>
            </param>
          </params>
          <reporter-output>
          </reporter-output>
        </test-method> <!-- verifyLoginWithInvalidUsernameInvalidPassword -->
        <test-method is-config="true" signature="driverQuit(org.testng.ITestResult)[pri:0, instance:testscript.LoginTest@3ad2e17]" started-at="2025-09-12T14:58:17 IST" name="driverQuit" finished-at="2025-09-12T14:58:17 IST" duration-ms="230" status="PASS">
          <params>
            <param index="0">
              <value>
                <![CDATA[[TestResult name=verifyLoginWithInvalidUsernameInvalidPassword status=SUCCESS method=LoginTest.verifyLoginWithInvalidUsernameInvalidPassword(java.lang.String,java.lang.String)[pri:4, instance:testscript.LoginTest@3ad2e17] output={null}]]]>
              </value>
            </param>
          </params>
          <reporter-output>
          </reporter-output>
        </test-method> <!-- driverQuit -->
        <test-method is-config="true" signature="quitAndClose()[pri:0, instance:testscript.LoginTest@3ad2e17]" started-at="2025-09-12T14:58:17 IST" name="quitAndClose" finished-at="2025-09-12T14:58:17 IST" duration-ms="0" status="PASS">
          <reporter-output>
          </reporter-output>
        </test-method> <!-- quitAndClose -->
        <test-method is-config="true" signature="browserInitializer()[pri:0, instance:testscript.LoginTest@3ad2e17]" started-at="2025-09-12T14:58:17 IST" name="browserInitializer" finished-at="2025-09-12T14:58:19 IST" duration-ms="2245" status="PASS">
          <reporter-output>
          </reporter-output>
        </test-method> <!-- browserInitializer -->
        <test-method signature="verifyLoginWithInvalidUsernameInvalidPassword(java.lang.String,java.lang.String)[pri:4, instance:testscript.LoginTest@3ad2e17]" started-at="2025-09-12T14:58:19 IST" name="verifyLoginWithInvalidUsernameInvalidPassword" description="Login with Invalid Username and Invalid Password" data-provider="loginProvider" finished-at="2025-09-12T14:58:20 IST" duration-ms="506" status="PASS">
          <params>
            <param index="0">
              <value>
                <![CDATA[username]]>
              </value>
            </param>
            <param index="1">
              <value>
                <![CDATA[pass]]>
              </value>
            </param>
          </params>
          <reporter-output>
          </reporter-output>
        </test-method> <!-- verifyLoginWithInvalidUsernameInvalidPassword -->
        <test-method is-config="true" signature="driverQuit(org.testng.ITestResult)[pri:0, instance:testscript.LoginTest@3ad2e17]" started-at="2025-09-12T14:58:20 IST" name="driverQuit" finished-at="2025-09-12T14:58:20 IST" duration-ms="232" status="PASS">
          <params>
            <param index="0">
              <value>
                <![CDATA[[TestResult name=verifyLoginWithInvalidUsernameInvalidPassword status=SUCCESS method=LoginTest.verifyLoginWithInvalidUsernameInvalidPassword(java.lang.String,java.lang.String)[pri:4, instance:testscript.LoginTest@3ad2e17] output={null}]]]>
              </value>
            </param>
          </params>
          <reporter-output>
          </reporter-output>
        </test-method> <!-- driverQuit -->
        <test-method is-config="true" signature="quitAndClose()[pri:0, instance:testscript.LoginTest@3ad2e17]" started-at="2025-09-12T14:58:20 IST" name="quitAndClose" finished-at="2025-09-12T14:58:20 IST" duration-ms="1" status="PASS">
          <reporter-output>
          </reporter-output>
        </test-method> <!-- quitAndClose -->
        <test-method is-config="true" signature="browserInitializer()[pri:0, instance:testscript.LoginTest@3ad2e17]" started-at="2025-09-12T14:58:20 IST" name="browserInitializer" finished-at="2025-09-12T14:58:23 IST" duration-ms="3242" status="PASS">
          <reporter-output>
          </reporter-output>
        </test-method> <!-- browserInitializer -->
        <test-method signature="verifyLoginWithInvalidUsernameInvalidPassword(java.lang.String,java.lang.String)[pri:4, instance:testscript.LoginTest@3ad2e17]" started-at="2025-09-12T14:58:23 IST" name="verifyLoginWithInvalidUsernameInvalidPassword" description="Login with Invalid Username and Invalid Password" data-provider="loginProvider" finished-at="2025-09-12T14:58:24 IST" duration-ms="364" status="PASS">
          <params>
            <param index="0">
              <value>
                <![CDATA[user1]]>
              </value>
            </param>
            <param index="1">
              <value>
                <![CDATA[password1]]>
              </value>
            </param>
          </params>
          <reporter-output>
          </reporter-output>
        </test-method> <!-- verifyLoginWithInvalidUsernameInvalidPassword -->
        <test-method is-config="true" signature="driverQuit(org.testng.ITestResult)[pri:0, instance:testscript.LoginTest@3ad2e17]" started-at="2025-09-12T14:58:24 IST" name="driverQuit" finished-at="2025-09-12T14:58:24 IST" duration-ms="212" status="PASS">
          <params>
            <param index="0">
              <value>
                <![CDATA[[TestResult name=verifyLoginWithInvalidUsernameInvalidPassword status=SUCCESS method=LoginTest.verifyLoginWithInvalidUsernameInvalidPassword(java.lang.String,java.lang.String)[pri:4, instance:testscript.LoginTest@3ad2e17] output={null}]]]>
              </value>
            </param>
          </params>
          <reporter-output>
          </reporter-output>
        </test-method> <!-- driverQuit -->
        <test-method is-config="true" signature="quitAndClose()[pri:0, instance:testscript.LoginTest@3ad2e17]" started-at="2025-09-12T14:58:24 IST" name="quitAndClose" finished-at="2025-09-12T14:58:24 IST" duration-ms="1" status="PASS">
          <reporter-output>
          </reporter-output>
        </test-method> <!-- quitAndClose -->
      </class> <!-- testscript.LoginTest -->
    </test> <!-- Test -->
  </suite> <!-- Suite -->
</testng-results>
