<?xml version="1.0" encoding="UTF-8"?>
<testng-results ignored="0" total="6" passed="6" failed="0" skipped="0">
  <reporter-output>
  </reporter-output>
  <suite started-at="2025-09-15T14:12:02 IST" name="Suite" finished-at="2025-09-15T14:12:47 IST" duration-ms="44610">
    <groups>
    </groups>
    <test started-at="2025-09-15T14:12:02 IST" name="Test" finished-at="2025-09-15T14:12:19 IST" duration-ms="17228">
      <class name="testscript.LoginTest">
        <test-method is-config="true" signature="browserInitializer(java.lang.String)[pri:0, instance:testscript.LoginTest@29ca3d04]" started-at="2025-09-15T14:12:02 IST" name="browserInitializer" finished-at="2025-09-15T14:12:12 IST" duration-ms="9470" status="PASS">
          <params>
            <param index="0">
              <value>
                <![CDATA[chrome]]>
              </value>
            </param>
          </params>
          <reporter-output>
          </reporter-output>
        </test-method> <!-- browserInitializer -->
        <test-method signature="verifyLoginWithInvalidUsernameInvalidPassword(java.lang.String,java.lang.String)[pri:4, instance:testscript.LoginTest@29ca3d04]" started-at="2025-09-15T14:12:12 IST" name="verifyLoginWithInvalidUsernameInvalidPassword" description="Login with Invalid Username and Invalid Password" data-provider="loginProvider" finished-at="2025-09-15T14:12:12 IST" duration-ms="696" status="PASS">
          <params>
            <param index="0">
              <value>
                <![CDATA[user]]>
              </value>
            </param>
            <param index="1">
              <value>
                <![CDATA[password]]>
              </value>
            </param>
          </params>
          <reporter-output>
          </reporter-output>
        </test-method> <!-- verifyLoginWithInvalidUsernameInvalidPassword -->
        <test-method is-config="true" signature="driverQuit(org.testng.ITestResult)[pri:0, instance:testscript.LoginTest@29ca3d04]" started-at="2025-09-15T14:12:12 IST" name="driverQuit" finished-at="2025-09-15T14:12:13 IST" duration-ms="468" status="PASS">
          <params>
            <param index="0">
              <value>
                <![CDATA[[TestResult name=verifyLoginWithInvalidUsernameInvalidPassword status=SUCCESS method=LoginTest.verifyLoginWithInvalidUsernameInvalidPassword(java.lang.String,java.lang.String)[pri:4, instance:testscript.LoginTest@29ca3d04] output={null}]]]>
              </value>
            </param>
          </params>
          <reporter-output>
          </reporter-output>
        </test-method> <!-- driverQuit -->
        <test-method is-config="true" signature="quitAndClose()[pri:0, instance:testscript.LoginTest@29ca3d04]" started-at="2025-09-15T14:12:13 IST" name="quitAndClose" finished-at="2025-09-15T14:12:13 IST" duration-ms="0" status="PASS">
          <reporter-output>
          </reporter-output>
        </test-method> <!-- quitAndClose -->
        <test-method is-config="true" signature="browserInitializer(java.lang.String)[pri:0, instance:testscript.LoginTest@29ca3d04]" started-at="2025-09-15T14:12:13 IST" name="browserInitializer" finished-at="2025-09-15T14:12:16 IST" duration-ms="2639" status="PASS">
          <params>
            <param index="0">
              <value>
                <![CDATA[chrome]]>
              </value>
            </param>
          </params>
          <reporter-output>
          </reporter-output>
        </test-method> <!-- browserInitializer -->
        <test-method signature="verifyLoginWithInvalidUsernameInvalidPassword(java.lang.String,java.lang.String)[pri:4, instance:testscript.LoginTest@29ca3d04]" started-at="2025-09-15T14:12:16 IST" name="verifyLoginWithInvalidUsernameInvalidPassword" description="Login with Invalid Username and Invalid Password" data-provider="loginProvider" finished-at="2025-09-15T14:12:16 IST" duration-ms="547" status="PASS">
          <params>
            <param index="0">
              <value>
                <![CDATA[username]]>
              </value>
            </param>
            <param index="1">
              <value>
                <![CDATA[pass]]>
              </value>
            </param>
          </params>
          <reporter-output>
          </reporter-output>
        </test-method> <!-- verifyLoginWithInvalidUsernameInvalidPassword -->
        <test-method is-config="true" signature="driverQuit(org.testng.ITestResult)[pri:0, instance:testscript.LoginTest@29ca3d04]" started-at="2025-09-15T14:12:16 IST" name="driverQuit" finished-at="2025-09-15T14:12:16 IST" duration-ms="256" status="PASS">
          <params>
            <param index="0">
              <value>
                <![CDATA[[TestResult name=verifyLoginWithInvalidUsernameInvalidPassword status=SUCCESS method=LoginTest.verifyLoginWithInvalidUsernameInvalidPassword(java.lang.String,java.lang.String)[pri:4, instance:testscript.LoginTest@29ca3d04] output={null}]]]>
              </value>
            </param>
          </params>
          <reporter-output>
          </reporter-output>
        </test-method> <!-- driverQuit -->
        <test-method is-config="true" signature="quitAndClose()[pri:0, instance:testscript.LoginTest@29ca3d04]" started-at="2025-09-15T14:12:16 IST" name="quitAndClose" finished-at="2025-09-15T14:12:16 IST" duration-ms="1" status="PASS">
          <reporter-output>
          </reporter-output>
        </test-method> <!-- quitAndClose -->
        <test-method is-config="true" signature="browserInitializer(java.lang.String)[pri:0, instance:testscript.LoginTest@29ca3d04]" started-at="2025-09-15T14:12:16 IST" name="browserInitializer" finished-at="2025-09-15T14:12:19 IST" duration-ms="2275" status="PASS">
          <params>
            <param index="0">
              <value>
                <![CDATA[chrome]]>
              </value>
            </param>
          </params>
          <reporter-output>
          </reporter-output>
        </test-method> <!-- browserInitializer -->
        <test-method signature="verifyLoginWithInvalidUsernameInvalidPassword(java.lang.String,java.lang.String)[pri:4, instance:testscript.LoginTest@29ca3d04]" started-at="2025-09-15T14:12:19 IST" name="verifyLoginWithInvalidUsernameInvalidPassword" description="Login with Invalid Username and Invalid Password" data-provider="loginProvider" finished-at="2025-09-15T14:12:19 IST" duration-ms="520" status="PASS">
          <params>
            <param index="0">
              <value>
                <![CDATA[user1]]>
              </value>
            </param>
            <param index="1">
              <value>
                <![CDATA[password1]]>
              </value>
            </param>
          </params>
          <reporter-output>
          </reporter-output>
        </test-method> <!-- verifyLoginWithInvalidUsernameInvalidPassword -->
        <test-method is-config="true" signature="driverQuit(org.testng.ITestResult)[pri:0, instance:testscript.LoginTest@29ca3d04]" started-at="2025-09-15T14:12:19 IST" name="driverQuit" finished-at="2025-09-15T14:12:19 IST" duration-ms="251" status="PASS">
          <params>
            <param index="0">
              <value>
                <![CDATA[[TestResult name=verifyLoginWithInvalidUsernameInvalidPassword status=SUCCESS method=LoginTest.verifyLoginWithInvalidUsernameInvalidPassword(java.lang.String,java.lang.String)[pri:4, instance:testscript.LoginTest@29ca3d04] output={null}]]]>
              </value>
            </param>
          </params>
          <reporter-output>
          </reporter-output>
        </test-method> <!-- driverQuit -->
        <test-method is-config="true" signature="quitAndClose()[pri:0, instance:testscript.LoginTest@29ca3d04]" started-at="2025-09-15T14:12:19 IST" name="quitAndClose" finished-at="2025-09-15T14:12:19 IST" duration-ms="1" status="PASS">
          <reporter-output>
          </reporter-output>
        </test-method> <!-- quitAndClose -->
      </class> <!-- testscript.LoginTest -->
    </test> <!-- Test -->
    <test started-at="2025-09-15T14:12:20 IST" name="Firefox Test" finished-at="2025-09-15T14:12:47 IST" duration-ms="26809">
      <class name="testscript.LoginTest">
        <test-method is-config="true" signature="browserInitializer(java.lang.String)[pri:0, instance:testscript.LoginTest@5d12a356]" started-at="2025-09-15T14:12:20 IST" name="browserInitializer" finished-at="2025-09-15T14:12:27 IST" duration-ms="7201" status="PASS">
          <params>
            <param index="0">
              <value>
                <![CDATA[firefox]]>
              </value>
            </param>
          </params>
          <reporter-output>
          </reporter-output>
        </test-method> <!-- browserInitializer -->
        <test-method signature="verifyLoginWithInvalidUsernameInvalidPassword(java.lang.String,java.lang.String)[pri:4, instance:testscript.LoginTest@5d12a356]" started-at="2025-09-15T14:12:27 IST" name="verifyLoginWithInvalidUsernameInvalidPassword" description="Login with Invalid Username and Invalid Password" data-provider="loginProvider" finished-at="2025-09-15T14:12:28 IST" duration-ms="526" status="PASS">
          <params>
            <param index="0">
              <value>
                <![CDATA[user]]>
              </value>
            </param>
            <param index="1">
              <value>
                <![CDATA[password]]>
              </value>
            </param>
          </params>
          <reporter-output>
          </reporter-output>
        </test-method> <!-- verifyLoginWithInvalidUsernameInvalidPassword -->
        <test-method is-config="true" signature="driverQuit(org.testng.ITestResult)[pri:0, instance:testscript.LoginTest@5d12a356]" started-at="2025-09-15T14:12:28 IST" name="driverQuit" finished-at="2025-09-15T14:12:29 IST" duration-ms="1229" status="PASS">
          <params>
            <param index="0">
              <value>
                <![CDATA[[TestResult name=verifyLoginWithInvalidUsernameInvalidPassword status=SUCCESS method=LoginTest.verifyLoginWithInvalidUsernameInvalidPassword(java.lang.String,java.lang.String)[pri:4, instance:testscript.LoginTest@5d12a356] output={null}]]]>
              </value>
            </param>
          </params>
          <reporter-output>
          </reporter-output>
        </test-method> <!-- driverQuit -->
        <test-method is-config="true" signature="quitAndClose()[pri:0, instance:testscript.LoginTest@5d12a356]" started-at="2025-09-15T14:12:29 IST" name="quitAndClose" finished-at="2025-09-15T14:12:29 IST" duration-ms="1" status="PASS">
          <reporter-output>
          </reporter-output>
        </test-method> <!-- quitAndClose -->
        <test-method is-config="true" signature="browserInitializer(java.lang.String)[pri:0, instance:testscript.LoginTest@5d12a356]" started-at="2025-09-15T14:12:29 IST" name="browserInitializer" finished-at="2025-09-15T14:12:35 IST" duration-ms="6460" status="PASS">
          <params>
            <param index="0">
              <value>
                <![CDATA[firefox]]>
              </value>
            </param>
          </params>
          <reporter-output>
          </reporter-output>
        </test-method> <!-- browserInitializer -->
        <test-method signature="verifyLoginWithInvalidUsernameInvalidPassword(java.lang.String,java.lang.String)[pri:4, instance:testscript.LoginTest@5d12a356]" started-at="2025-09-15T14:12:35 IST" name="verifyLoginWithInvalidUsernameInvalidPassword" description="Login with Invalid Username and Invalid Password" data-provider="loginProvider" finished-at="2025-09-15T14:12:36 IST" duration-ms="366" status="PASS">
          <params>
            <param index="0">
              <value>
                <![CDATA[username]]>
              </value>
            </param>
            <param index="1">
              <value>
                <![CDATA[pass]]>
              </value>
            </param>
          </params>
          <reporter-output>
          </reporter-output>
        </test-method> <!-- verifyLoginWithInvalidUsernameInvalidPassword -->
        <test-method is-config="true" signature="driverQuit(org.testng.ITestResult)[pri:0, instance:testscript.LoginTest@5d12a356]" started-at="2025-09-15T14:12:36 IST" name="driverQuit" finished-at="2025-09-15T14:12:37 IST" duration-ms="1113" status="PASS">
          <params>
            <param index="0">
              <value>
                <![CDATA[[TestResult name=verifyLoginWithInvalidUsernameInvalidPassword status=SUCCESS method=LoginTest.verifyLoginWithInvalidUsernameInvalidPassword(java.lang.String,java.lang.String)[pri:4, instance:testscript.LoginTest@5d12a356] output={null}]]]>
              </value>
            </param>
          </params>
          <reporter-output>
          </reporter-output>
        </test-method> <!-- driverQuit -->
        <test-method is-config="true" signature="quitAndClose()[pri:0, instance:testscript.LoginTest@5d12a356]" started-at="2025-09-15T14:12:37 IST" name="quitAndClose" finished-at="2025-09-15T14:12:37 IST" duration-ms="1" status="PASS">
          <reporter-output>
          </reporter-output>
        </test-method> <!-- quitAndClose -->
        <test-method is-config="true" signature="browserInitializer(java.lang.String)[pri:0, instance:testscript.LoginTest@5d12a356]" started-at="2025-09-15T14:12:37 IST" name="browserInitializer" finished-at="2025-09-15T14:12:45 IST" duration-ms="8258" status="PASS">
          <params>
            <param index="0">
              <value>
                <![CDATA[firefox]]>
              </value>
            </param>
          </params>
          <reporter-output>
          </reporter-output>
        </test-method> <!-- browserInitializer -->
        <test-method signature="verifyLoginWithInvalidUsernameInvalidPassword(java.lang.String,java.lang.String)[pri:4, instance:testscript.LoginTest@5d12a356]" started-at="2025-09-15T14:12:45 IST" name="verifyLoginWithInvalidUsernameInvalidPassword" description="Login with Invalid Username and Invalid Password" data-provider="loginProvider" finished-at="2025-09-15T14:12:45 IST" duration-ms="346" status="PASS">
          <params>
            <param index="0">
              <value>
                <![CDATA[user1]]>
              </value>
            </param>
            <param index="1">
              <value>
                <![CDATA[password1]]>
              </value>
            </param>
          </params>
          <reporter-output>
          </reporter-output>
        </test-method> <!-- verifyLoginWithInvalidUsernameInvalidPassword -->
        <test-method is-config="true" signature="driverQuit(org.testng.ITestResult)[pri:0, instance:testscript.LoginTest@5d12a356]" started-at="2025-09-15T14:12:45 IST" name="driverQuit" finished-at="2025-09-15T14:12:47 IST" duration-ms="1296" status="PASS">
          <params>
            <param index="0">
              <value>
                <![CDATA[[TestResult name=verifyLoginWithInvalidUsernameInvalidPassword status=SUCCESS method=LoginTest.verifyLoginWithInvalidUsernameInvalidPassword(java.lang.String,java.lang.String)[pri:4, instance:testscript.LoginTest@5d12a356] output={null}]]]>
              </value>
            </param>
          </params>
          <reporter-output>
          </reporter-output>
        </test-method> <!-- driverQuit -->
        <test-method is-config="true" signature="quitAndClose()[pri:0, instance:testscript.LoginTest@5d12a356]" started-at="2025-09-15T14:12:47 IST" name="quitAndClose" finished-at="2025-09-15T14:12:47 IST" duration-ms="1" status="PASS">
          <reporter-output>
          </reporter-output>
        </test-method> <!-- quitAndClose -->
      </class> <!-- testscript.LoginTest -->
    </test> <!-- Firefox Test -->
  </suite> <!-- Suite -->
</testng-results>
