<?xml version="1.0" encoding="UTF-8"?>
<testng-results ignored="0" total="3" passed="3" failed="0" skipped="0">
  <reporter-output>
  </reporter-output>
  <suite started-at="2025-09-18T08:56:34 IST" name="Suite" finished-at="2025-09-18T08:56:47 IST" duration-ms="13114">
    <groups>
    </groups>
    <test started-at="2025-09-18T08:56:34 IST" name="Test" finished-at="2025-09-18T08:56:47 IST" duration-ms="13114">
      <class name="testscript.LoginTest">
        <test-method is-config="true" signature="browserInitializer(java.lang.String)[pri:0, instance:testscript.LoginTest@29ca3d04]" started-at="2025-09-18T08:56:34 IST" name="browserInitializer" finished-at="2025-09-18T08:56:40 IST" duration-ms="5914" status="PASS">
          <params>
            <param index="0">
              <value>
                <![CDATA[chrome]]>
              </value>
            </param>
          </params>
          <reporter-output>
          </reporter-output>
        </test-method> <!-- browserInitializer -->
        <test-method signature="verifyLoginWithInvalidUsernameInvalidPassword(java.lang.String,java.lang.String)[pri:4, instance:testscript.LoginTest@29ca3d04]" started-at="2025-09-18T08:56:40 IST" name="verifyLoginWithInvalidUsernameInvalidPassword" description="Login with Invalid Username and Invalid Password" data-provider="loginProvider" finished-at="2025-09-18T08:56:41 IST" duration-ms="623" status="PASS">
          <params>
            <param index="0">
              <value>
                <![CDATA[user]]>
              </value>
            </param>
            <param index="1">
              <value>
                <![CDATA[password]]>
              </value>
            </param>
          </params>
          <reporter-output>
          </reporter-output>
        </test-method> <!-- verifyLoginWithInvalidUsernameInvalidPassword -->
        <test-method is-config="true" signature="driverQuit(org.testng.ITestResult)[pri:0, instance:testscript.LoginTest@29ca3d04]" started-at="2025-09-18T08:56:41 IST" name="driverQuit" finished-at="2025-09-18T08:56:41 IST" duration-ms="237" status="PASS">
          <params>
            <param index="0">
              <value>
                <![CDATA[[TestResult name=verifyLoginWithInvalidUsernameInvalidPassword status=SUCCESS method=LoginTest.verifyLoginWithInvalidUsernameInvalidPassword(java.lang.String,java.lang.String)[pri:4, instance:testscript.LoginTest@29ca3d04] output={null}]]]>
              </value>
            </param>
          </params>
          <reporter-output>
          </reporter-output>
        </test-method> <!-- driverQuit -->
        <test-method is-config="true" signature="quitAndClose()[pri:0, instance:testscript.LoginTest@29ca3d04]" started-at="2025-09-18T08:56:41 IST" name="quitAndClose" finished-at="2025-09-18T08:56:41 IST" duration-ms="1" status="PASS">
          <reporter-output>
          </reporter-output>
        </test-method> <!-- quitAndClose -->
        <test-method is-config="true" signature="browserInitializer(java.lang.String)[pri:0, instance:testscript.LoginTest@29ca3d04]" started-at="2025-09-18T08:56:41 IST" name="browserInitializer" finished-at="2025-09-18T08:56:43 IST" duration-ms="2339" status="PASS">
          <params>
            <param index="0">
              <value>
                <![CDATA[chrome]]>
              </value>
            </param>
          </params>
          <reporter-output>
          </reporter-output>
        </test-method> <!-- browserInitializer -->
        <test-method signature="verifyLoginWithInvalidUsernameInvalidPassword(java.lang.String,java.lang.String)[pri:4, instance:testscript.LoginTest@29ca3d04]" started-at="2025-09-18T08:56:43 IST" name="verifyLoginWithInvalidUsernameInvalidPassword" description="Login with Invalid Username and Invalid Password" data-provider="loginProvider" finished-at="2025-09-18T08:56:44 IST" duration-ms="640" status="PASS">
          <params>
            <param index="0">
              <value>
                <![CDATA[username]]>
              </value>
            </param>
            <param index="1">
              <value>
                <![CDATA[pass]]>
              </value>
            </param>
          </params>
          <reporter-output>
          </reporter-output>
        </test-method> <!-- verifyLoginWithInvalidUsernameInvalidPassword -->
        <test-method is-config="true" signature="driverQuit(org.testng.ITestResult)[pri:0, instance:testscript.LoginTest@29ca3d04]" started-at="2025-09-18T08:56:44 IST" name="driverQuit" finished-at="2025-09-18T08:56:44 IST" duration-ms="256" status="PASS">
          <params>
            <param index="0">
              <value>
                <![CDATA[[TestResult name=verifyLoginWithInvalidUsernameInvalidPassword status=SUCCESS method=LoginTest.verifyLoginWithInvalidUsernameInvalidPassword(java.lang.String,java.lang.String)[pri:4, instance:testscript.LoginTest@29ca3d04] output={null}]]]>
              </value>
            </param>
          </params>
          <reporter-output>
          </reporter-output>
        </test-method> <!-- driverQuit -->
        <test-method is-config="true" signature="quitAndClose()[pri:0, instance:testscript.LoginTest@29ca3d04]" started-at="2025-09-18T08:56:44 IST" name="quitAndClose" finished-at="2025-09-18T08:56:44 IST" duration-ms="0" status="PASS">
          <reporter-output>
          </reporter-output>
        </test-method> <!-- quitAndClose -->
        <test-method is-config="true" signature="browserInitializer(java.lang.String)[pri:0, instance:testscript.LoginTest@29ca3d04]" started-at="2025-09-18T08:56:44 IST" name="browserInitializer" finished-at="2025-09-18T08:56:47 IST" duration-ms="2297" status="PASS">
          <params>
            <param index="0">
              <value>
                <![CDATA[chrome]]>
              </value>
            </param>
          </params>
          <reporter-output>
          </reporter-output>
        </test-method> <!-- browserInitializer -->
        <test-method signature="verifyLoginWithInvalidUsernameInvalidPassword(java.lang.String,java.lang.String)[pri:4, instance:testscript.LoginTest@29ca3d04]" started-at="2025-09-18T08:56:47 IST" name="verifyLoginWithInvalidUsernameInvalidPassword" description="Login with Invalid Username and Invalid Password" data-provider="loginProvider" finished-at="2025-09-18T08:56:47 IST" duration-ms="515" status="PASS">
          <params>
            <param index="0">
              <value>
                <![CDATA[user1]]>
              </value>
            </param>
            <param index="1">
              <value>
                <![CDATA[password1]]>
              </value>
            </param>
          </params>
          <reporter-output>
          </reporter-output>
        </test-method> <!-- verifyLoginWithInvalidUsernameInvalidPassword -->
        <test-method is-config="true" signature="driverQuit(org.testng.ITestResult)[pri:0, instance:testscript.LoginTest@29ca3d04]" started-at="2025-09-18T08:56:47 IST" name="driverQuit" finished-at="2025-09-18T08:56:47 IST" duration-ms="191" status="PASS">
          <params>
            <param index="0">
              <value>
                <![CDATA[[TestResult name=verifyLoginWithInvalidUsernameInvalidPassword status=SUCCESS method=LoginTest.verifyLoginWithInvalidUsernameInvalidPassword(java.lang.String,java.lang.String)[pri:4, instance:testscript.LoginTest@29ca3d04] output={null}]]]>
              </value>
            </param>
          </params>
          <reporter-output>
          </reporter-output>
        </test-method> <!-- driverQuit -->
        <test-method is-config="true" signature="quitAndClose()[pri:0, instance:testscript.LoginTest@29ca3d04]" started-at="2025-09-18T08:56:47 IST" name="quitAndClose" finished-at="2025-09-18T08:56:47 IST" duration-ms="0" status="PASS">
          <reporter-output>
          </reporter-output>
        </test-method> <!-- quitAndClose -->
      </class> <!-- testscript.LoginTest -->
    </test> <!-- Test -->
  </suite> <!-- Suite -->
</testng-results>
