<?xml version="1.0" encoding="UTF-8"?>
<!-- Generated by org.testng.reporters.JUnitXMLReporter -->
<testsuite ignored="3" hostname="DESKTOP-QGMF0R9" failures="0" tests="1" name="Default test" time="10.167" errors="0" timestamp="2025-08-29T15:19:14 IST">
  <testcase classname="testscript.ManageNewsTest" name="verifyReset" time="2.913"/>
  <testcase classname="testscript.ManageNewsTest" name="verifyAddNews" time="0.0">
    <ignored/>
  </testcase> <!-- verifyAddNews -->
  <testcase classname="testscript.ManageNewsTest" name="verifySearchNews" time="0.0">
    <ignored/>
  </testcase> <!-- verifySearchNews -->
  <testcase classname="testscript.ManageNewsTest" name="verifyReturnToHome" time="0.0">
    <ignored/>
  </testcase> <!-- verifyReturnToHome -->
</testsuite> <!-- Default test -->
